\BOOKMARK [1][-]{section.1}{\376\377\000O\000v\000e\000r\000v\000i\000e\000w}{}% 1
\BOOKMARK [1][-]{section.2}{\376\377\000T\000h\000e\000\040\000D\000i\000s\000c\000r\000e\000t\000e\000\040\000F\000o\000u\000r\000i\000e\000r\000\040\000T\000r\000a\000n\000s\000f\000o\000r\000m}{}% 2
\BOOKMARK [2][-]{subsection.2.1}{\376\377\000D\000e\000r\000i\000v\000a\000t\000i\000o\000n}{section.2}% 3
\BOOKMARK [3][-]{subsubsection.2.1.1}{\376\377\000F\000i\000n\000i\000t\000e\000\040\000F\000o\000u\000r\000i\000e\000r\000\040\000S\000e\000r\000i\000e\000s}{subsection.2.1}% 4
\BOOKMARK [3][-]{subsubsection.2.1.2}{\376\377\000D\000i\000s\000c\000r\000e\000t\000e\000\040\000S\000i\000g\000n\000a\000l\000s\000\040\000a\000n\000d\000\040\000C\000o\000e\000f\000f\000i\000c\000i\000e\000n\000t\000s}{subsection.2.1}% 5
\BOOKMARK [3][-]{subsubsection.2.1.3}{\376\377\000I\000m\000p\000r\000o\000v\000i\000n\000g\000\040\000t\000h\000e\000\040\000D\000F\000T}{subsection.2.1}% 6
\BOOKMARK [1][-]{section.3}{\376\377\000S\000h\000o\000r\000t\000-\000T\000i\000m\000e\000\040\000F\000o\000u\000r\000i\000e\000r\000\040\000T\000r\000a\000n\000s\000f\000o\000r\000m}{}% 7
\BOOKMARK [2][-]{subsection.3.1}{\376\377\000D\000e\000r\000i\000v\000a\000t\000i\000o\000n}{section.3}% 8
\BOOKMARK [3][-]{subsubsection.3.1.1}{\376\377\000C\000o\000n\000t\000i\000n\000u\000o\000u\000s}{subsection.3.1}% 9
\BOOKMARK [3][-]{subsubsection.3.1.2}{\376\377\000D\000i\000s\000c\000r\000e\000t\000e}{subsection.3.1}% 10
\BOOKMARK [2][-]{subsection.3.2}{\376\377\000A\000p\000p\000l\000i\000c\000a\000t\000i\000o\000n}{section.3}% 11
\BOOKMARK [1][-]{section.4}{\376\377\000P\000r\000o\000j\000e\000c\000t\000\040\000O\000v\000e\000r\000v\000i\000e\000w}{}% 12
\BOOKMARK [1][-]{section.5}{\376\377\000I\000n\000t\000r\000o\000d\000u\000c\000t\000o\000r\000y\000\040\000M\000a\000t\000e\000r\000i\000a\000l}{}% 13
\BOOKMARK [2][-]{subsection.5.1}{\376\377\000I\000n\000t\000r\000o\000d\000u\000c\000t\000i\000o\000n}{section.5}% 14
\BOOKMARK [2][-]{subsection.5.2}{\376\377\000D\000i\000s\000c\000r\000e\000t\000e\000\040\000F\000o\000u\000r\000i\000e\000r\000\040\000T\000r\000a\000n\000s\000f\000o\000r\000m\000\040\000\050\000D\000F\000T\000\051}{section.5}% 15
\BOOKMARK [2][-]{subsection.5.3}{\376\377\000F\000a\000s\000t\000\040\000F\000o\000u\000r\000i\000e\000r\000\040\000T\000r\000a\000n\000s\000f\000o\000r\000m\000\040\000\050\000F\000F\000T\000\051}{section.5}% 16
\BOOKMARK [1][-]{section.6}{\376\377\000E\000x\000t\000e\000n\000s\000i\000o\000n\000:\000\040\000S\000h\000o\000r\000t\000-\000T\000i\000m\000e\000\040\000F\000o\000u\000r\000i\000e\000r\000\040\000T\000r\000a\000n\000s\000f\000o\000r\000m}{}% 17
\BOOKMARK [2][-]{subsection.6.1}{\376\377\000I\000n\000t\000r\000o\000d\000u\000c\000t\000i\000o\000n}{section.6}% 18
\BOOKMARK [2][-]{subsection.6.2}{\376\377\000D\000e\000r\000i\000v\000a\000t\000i\000o\000n}{section.6}% 19
\BOOKMARK [2][-]{subsection.6.3}{\376\377\000A\000p\000p\000l\000i\000c\000a\000t\000i\000o\000n}{section.6}% 20
\BOOKMARK [1][-]{section.7}{\376\377\000T\000i\000m\000e\000l\000i\000n\000e\000\040\000a\000n\000d\000\040\000W\000o\000r\000k\000\040\000D\000i\000s\000t\000r\000i\000b\000u\000t\000i\000o\000n}{}% 21
